# JRE version: Java(TM) SE Runtime Environment (21.0.5+9) (build 21.0.5+9-LTS-239)
# Java VM: Java HotSpot(TM) 64-Bit Server VM (21.0.5+9-LTS-239, mixed mode, sharing, tiered, compressed oops, compressed class ptrs, g1 gc, windows-amd64)
GC Precious Log:
 CardTable entry size: 512
 Card Set container configuration: InlinePtr #cards 5 size 8 Array Of Cards #cards 12 size 40 Howl #buckets 4 coarsen threshold 1843 Howl Bitmap #cards 512 size 80 coarsen threshold 460 Card regions per heap region 1 cards per card region 2048
 CPUs: 4 total, 4 available
 Memory: 8003M
 Large Page Support: Disabled
 NUMA Support: Disabled
 Compressed Oops: Enabled (32-bit)
 Heap Region Size: 1M
 Heap Min Capacity: 256M
 Heap Initial Capacity: 256M
 Heap Max Capacity: 512M
 Pre-touch: Disabled
 Parallel Workers: 4
 Concurrent Workers: 1
 Concurrent Refinement Workers: 4
 Periodic GC: Disabled
Heap:
 garbage-first heap   total 269312K, used 155461K [0x00000000e0000000, 0x0000000100000000)
  region size 1024K, 23 young (23552K), 13 survivors (13312K)
 Metaspace       used 93969K, committed 96384K, reserved 458752K
  class space    used 12441K, committed 13632K, reserved 327680K
GC Heap History (20 events):
Event: 110.808 GC heap before
{Heap before GC invocations=14 (full 0):
 garbage-first heap   total 262144K, used 227944K [0x00000000e0000000, 0x0000000100000000)
  region size 1024K, 153 young (156672K), 14 survivors (14336K)
 Metaspace       used 71219K, committed 73088K, reserved 393216K
  class space    used 9574K, committed 10496K, reserved 327680K
}
Event: 110.827 GC heap after
{Heap after GC invocations=15 (full 0):
 garbage-first heap   total 262144K, used 86892K [0x00000000e0000000, 0x0000000100000000)
  region size 1024K, 7 young (7168K), 7 survivors (7168K)
 Metaspace       used 71219K, committed 73088K, reserved 393216K
  class space    used 9574K, committed 10496K, reserved 327680K
}
Event: 113.364 GC heap before
{Heap before GC invocations=15 (full 0):
 garbage-first heap   total 262144K, used 235372K [0x00000000e0000000, 0x0000000100000000)
  region size 1024K, 153 young (156672K), 7 survivors (7168K)
 Metaspace       used 71255K, committed 73152K, reserved 393216K
  class space    used 9574K, committed 10496K, reserved 327680K
}
Event: 113.373 GC heap after
{Heap after GC invocations=16 (full 0):
 garbage-first heap   total 262144K, used 86649K [0x00000000e0000000, 0x0000000100000000)
  region size 1024K, 7 young (7168K), 7 survivors (7168K)
 Metaspace       used 71255K, committed 73152K, reserved 393216K
  class space    used 9574K, committed 10496K, reserved 327680K
}
Event: 118.441 GC heap before
{Heap before GC invocations=16 (full 0):
 garbage-first heap   total 262144K, used 236153K [0x00000000e0000000, 0x0000000100000000)
  region size 1024K, 153 young (156672K), 7 survivors (7168K)
 Metaspace       used 74310K, committed 76352K, reserved 393216K
  class space    used 10074K, committed 11072K, reserved 327680K
}
Event: 118.454 GC heap after
{Heap after GC invocations=17 (full 0):
 garbage-first heap   total 262144K, used 88245K [0x00000000e0000000, 0x0000000100000000)
  region size 1024K, 9 young (9216K), 9 survivors (9216K)
 Metaspace       used 74310K, committed 76352K, reserved 393216K
  class space    used 10074K, committed 11072K, reserved 327680K
}
Event: 125.280 GC heap before
{Heap before GC invocations=17 (full 0):
 garbage-first heap   total 262144K, used 249013K [0x00000000e0000000, 0x0000000100000000)
  region size 1024K, 153 young (156672K), 9 survivors (9216K)
 Metaspace       used 80220K, committed 82432K, reserved 458752K
  class space    used 10998K, committed 12096K, reserved 327680K
}
Event: 125.310 GC heap after
{Heap after GC invocations=18 (full 0):
 garbage-first heap   total 269312K, used 112492K [0x00000000e0000000, 0x0000000100000000)
  region size 1024K, 18 young (18432K), 18 survivors (18432K)
 Metaspace       used 80220K, committed 82432K, reserved 458752K
  class space    used 10998K, committed 12096K, reserved 327680K
}
Event: 134.585 GC heap before
{Heap before GC invocations=18 (full 0):
 garbage-first heap   total 269312K, used 236396K [0x00000000e0000000, 0x0000000100000000)
  region size 1024K, 139 young (142336K), 18 survivors (18432K)
 Metaspace       used 84485K, committed 86656K, reserved 458752K
  class space    used 11478K, committed 12544K, reserved 327680K
}
Event: 134.627 GC heap after
{Heap after GC invocations=19 (full 0):
 garbage-first heap   total 269312K, used 117280K [0x00000000e0000000, 0x0000000100000000)
  region size 1024K, 15 young (15360K), 15 survivors (15360K)
 Metaspace       used 84485K, committed 86656K, reserved 458752K
  class space    used 11478K, committed 12544K, reserved 327680K
}
Event: 140.013 GC heap before
{Heap before GC invocations=19 (full 0):
 garbage-first heap   total 269312K, used 239136K [0x00000000e0000000, 0x0000000100000000)
  region size 1024K, 134 young (137216K), 15 survivors (15360K)
 Metaspace       used 85710K, committed 87936K, reserved 458752K
  class space    used 11557K, committed 12608K, reserved 327680K
}
Event: 140.037 GC heap after
{Heap after GC invocations=20 (full 0):
 garbage-first heap   total 269312K, used 122646K [0x00000000e0000000, 0x0000000100000000)
  region size 1024K, 11 young (11264K), 11 survivors (11264K)
 Metaspace       used 85710K, committed 87936K, reserved 458752K
  class space    used 11557K, committed 12608K, reserved 327680K
}
Event: 149.450 GC heap before
{Heap before GC invocations=20 (full 0):
 garbage-first heap   total 269312K, used 229142K [0x00000000e0000000, 0x0000000100000000)
  region size 1024K, 116 young (118784K), 11 survivors (11264K)
 Metaspace       used 87129K, committed 89408K, reserved 458752K
  class space    used 11668K, committed 12800K, reserved 327680K
}
Event: 149.468 GC heap after
{Heap after GC invocations=21 (full 0):
 garbage-first heap   total 269312K, used 124416K [0x00000000e0000000, 0x0000000100000000)
  region size 1024K, 7 young (7168K), 7 survivors (7168K)
 Metaspace       used 87129K, committed 89408K, reserved 458752K
  class space    used 11668K, committed 12800K, reserved 327680K
}
Event: 364.053 GC heap before
{Heap before GC invocations=22 (full 0):
 garbage-first heap   total 269312K, used 249344K [0x00000000e0000000, 0x0000000100000000)
  region size 1024K, 127 young (130048K), 7 survivors (7168K)
 Metaspace       used 92540K, committed 94848K, reserved 458752K
  class space    used 12340K, committed 13504K, reserved 327680K
}
Event: 364.122 GC heap after
{Heap after GC invocations=23 (full 0):
 garbage-first heap   total 269312K, used 135168K [0x00000000e0000000, 0x0000000100000000)
  region size 1024K, 14 young (14336K), 14 survivors (14336K)
 Metaspace       used 92540K, committed 94848K, reserved 458752K
  class space    used 12340K, committed 13504K, reserved 327680K
}
Event: 367.306 GC heap before
{Heap before GC invocations=23 (full 0):
 garbage-first heap   total 269312K, used 239616K [0x00000000e0000000, 0x0000000100000000)
  region size 1024K, 117 young (119808K), 14 survivors (14336K)
 Metaspace       used 93067K, committed 95424K, reserved 458752K
  class space    used 12370K, committed 13568K, reserved 327680K
}
Event: 367.377 GC heap after
{Heap after GC invocations=24 (full 0):
 garbage-first heap   total 269312K, used 139776K [0x00000000e0000000, 0x0000000100000000)
  region size 1024K, 7 young (7168K), 7 survivors (7168K)
 Metaspace       used 93067K, committed 95424K, reserved 458752K
  class space    used 12370K, committed 13568K, reserved 327680K
}
Event: 372.819 GC heap before
{Heap before GC invocations=24 (full 0):
 garbage-first heap   total 269312K, used 247296K [0x00000000e0000000, 0x0000000100000000)
  region size 1024K, 112 young (114688K), 7 survivors (7168K)
 Metaspace       used 93919K, committed 96320K, reserved 458752K
  class space    used 12439K, committed 13632K, reserved 327680K
}
Event: 372.846 GC heap after
{Heap after GC invocations=25 (full 0):
 garbage-first heap   total 269312K, used 146245K [0x00000000e0000000, 0x0000000100000000)
  region size 1024K, 13 young (13312K), 13 survivors (13312K)
 Metaspace       used 93919K, committed 96320K, reserved 458752K
  class space    used 12439K, committed 13632K, reserved 327680K
}

